<?xml version="1.0" encoding="UTF-8"?>
<!-- Generated by org.testng.reporters.JUnitReportReporter -->
<testsuite hostname="DESKTOP-MKISFC6" failures="0" tests="2" name="com.Flipkart.Testcases.VerifyLaunchHomePageFlipkart" time="6.080" errors="0" timestamp="04 Jun 2021 14:49:14 GMT" skipped="0">
  <testcase classname="com.Flipkart.Testcases.VerifyLaunchHomePageFlipkart" name="navigateToFlipkart" time="1.870"/>
  <testcase classname="com.Flipkart.Testcases.VerifyLaunchHomePageFlipkart" name="clickOnItemAndPrintPrice" time="4.210"/>
</testsuite> <!-- com.Flipkart.Testcases.VerifyLaunchHomePageFlipkart -->
