<?xml version="1.0" encoding="UTF-8"?>
<!-- Generated by org.testng.reporters.JUnitReportReporter -->
<testsuite hostname="DESKTOP-MKISFC6" failures="0" tests="1" name="com.Flipkart.Testcases.VerifyHomePageFlipkart" time="3.228" errors="0" timestamp="31 May 2021 17:07:30 GMT" skipped="0">
  <testcase classname="com.Flipkart.Testcases.VerifyHomePageFlipkart" name="navigateToFlipkart" time="3.228"/>
</testsuite> <!-- com.Flipkart.Testcases.VerifyHomePageFlipkart -->
